<?xml version="1.0" encoding="UTF-8"?>
<!-- Generated by org.testng.reporters.JUnitReportReporter -->
<testsuite hostname="IN-BFKRXM3" failures="1" tests="5" name="Test.TestRunner" time="5.876" errors="0" timestamp="2023-07-02T13:58:42 IST" skipped="0">
  <testcase classname="Test.TestRunner" name="runScenario" time="0.903"/>
  <system-out/>
  <testcase classname="Test.TestRunner" name="runScenario" time="0.884"/>
  <system-out/>
  <testcase classname="Test.TestRunner" name="runScenario" time="2.345">
    <failure message="expected [true] but found [false]" type="java.lang.AssertionError">
      <![CDATA[java.lang.AssertionError: expected [true] but found [false]
at org.testng.Assert.fail(Assert.java:99)
at org.testng.Assert.failNotEquals(Assert.java:1037)
at org.testng.Assert.assertTrue(Assert.java:45)
at org.testng.Assert.assertTrue(Assert.java:55)
at MavenProject.Automation.BaseStepDefinition.userVerifiesTheResponseTimeShouldBeBelow(BaseStepDefinition.java:49)
at âœ½.User verifies the response time should be below 1000(file:///E:/GitHub/Automation/src/test/resources/features/mediaAPI.feature:13)
]]>
    </failure>
  </testcase> <!-- runScenario -->
  <system-out/>
  <testcase classname="Test.TestRunner" name="runScenario" time="0.876"/>
  <system-out/>
  <testcase classname="Test.TestRunner" name="runScenario" time="0.868"/>
  <system-out/>
</testsuite> <!-- Test.TestRunner -->
